<?xml version="1.0" encoding="UTF-8"?>
<!-- Generated by org.testng.reporters.JUnitXMLReporter -->
<testsuite hostname="inspiron-14" failures="0" tests="14" name="Default test" time="0.617" errors="0" timestamp="20 Oct 2024 07:32:24 GMT">
  <testcase classname="org.wso2.carbon.identity.hash.provider.bcrypt.BCRYPTHashProviderTest" name="testGetAlgorithm" time="0.003"/>
  <testcase classname="org.wso2.carbon.identity.hash.provider.bcrypt.BCRYPTHashProviderTest" name="testGetHash" time="0.192"/>
  <testcase classname="org.wso2.carbon.identity.hash.provider.bcrypt.BCRYPTHashProviderTest" name="testGetHash" time="0.17"/>
  <testcase classname="org.wso2.carbon.identity.hash.provider.bcrypt.BCRYPTHashProviderTest" name="testGetHash" time="0.169"/>
  <testcase classname="org.wso2.carbon.identity.hash.provider.bcrypt.BCRYPTHashProviderTest" name="testHashProviderErrorScenarios" time="0.001"/>
  <testcase classname="org.wso2.carbon.identity.hash.provider.bcrypt.BCRYPTHashProviderTest" name="testHashProviderErrorScenarios" time="0.001"/>
  <testcase classname="org.wso2.carbon.identity.hash.provider.bcrypt.BCRYPTHashProviderTest" name="testHashProviderErrorScenarios" time="0.058"/>
  <testcase classname="org.wso2.carbon.identity.hash.provider.bcrypt.BCRYPTHashProviderTest" name="testHashProviderErrorScenarios" time="0.0"/>
  <testcase classname="org.wso2.carbon.identity.hash.provider.bcrypt.BCRYPTHashProviderTest" name="testInitConfig" time="0.001"/>
  <testcase classname="org.wso2.carbon.identity.hash.provider.bcrypt.BCRYPTHashProviderTest" name="testInitConfigParams" time="0.001"/>
  <testcase classname="org.wso2.carbon.identity.hash.provider.bcrypt.BCRYPTHashProviderTest" name="testInitConfigParams" time="0.0"/>
  <testcase classname="org.wso2.carbon.identity.hash.provider.bcrypt.BCRYPTHashProviderTest" name="testInitConfigParams" time="0.0"/>
  <testcase classname="org.wso2.carbon.identity.hash.provider.bcrypt.BCRYPTHashProviderTest" name="testInitConfigParams" time="0.001"/>
  <testcase classname="org.wso2.carbon.identity.hash.provider.bcrypt.BCRYPTHashProviderTest" name="testInitConfigParams" time="0.0"/>
</testsuite> <!-- Default test -->
