<?xml version="1.0" encoding="UTF-8"?>
<testng-results total="14" passed="14" failed="0" skipped="0">
  <reporter-output>
  </reporter-output>
  <suite started-at="2024-10-20T07:32:24Z" name="Default suite" finished-at="2024-10-20T07:32:24Z" duration-ms="617">
    <groups>
    </groups>
    <test started-at="2024-10-20T07:32:24Z" name="Default test" finished-at="2024-10-20T07:32:24Z" duration-ms="617">
      <class name="org.wso2.carbon.identity.hash.provider.bcrypt.BCRYPTHashProviderTest">
        <test-method is-config="true" signature="initialize()[pri:0, instance:org.wso2.carbon.identity.hash.provider.bcrypt.BCRYPTHashProviderTest@6950ed69]" started-at="2024-10-20T09:32:24Z" name="initialize" finished-at="2024-10-20T09:32:24Z" duration-ms="5" status="PASS">
          <reporter-output>
          </reporter-output>
        </test-method> <!-- initialize -->
        <test-method signature="testGetAlgorithm()[pri:0, instance:org.wso2.carbon.identity.hash.provider.bcrypt.BCRYPTHashProviderTest@6950ed69]" started-at="2024-10-20T09:32:24Z" name="testGetAlgorithm" finished-at="2024-10-20T09:32:24Z" duration-ms="3" status="PASS">
          <reporter-output>
          </reporter-output>
        </test-method> <!-- testGetAlgorithm -->
        <test-method signature="testGetHash([C, java.lang.String, java.lang.String, [B)[pri:0, instance:org.wso2.carbon.identity.hash.provider.bcrypt.BCRYPTHashProviderTest@6950ed69]" started-at="2024-10-20T09:32:24Z" name="testGetHash" data-provider="getHash" finished-at="2024-10-20T09:32:24Z" duration-ms="192" status="PASS">
          <params>
            <param index="0">
              <value>
                <![CDATA[[C@4241e0f4]]>
              </value>
            </param>
            <param index="1">
              <value>
                <![CDATA[BR2z4N3Fe3/8P4zmK6juMQ==]]>
              </value>
            </param>
            <param index="2">
              <value>
                <![CDATA[10]]>
              </value>
            </param>
            <param index="3">
              <value>
                <![CDATA[[B@4ebff610]]>
              </value>
            </param>
          </params>
          <reporter-output>
          </reporter-output>
        </test-method> <!-- testGetHash -->
        <test-method signature="testGetHash([C, java.lang.String, java.lang.String, [B)[pri:0, instance:org.wso2.carbon.identity.hash.provider.bcrypt.BCRYPTHashProviderTest@6950ed69]" started-at="2024-10-20T09:32:24Z" name="testGetHash" data-provider="getHash" finished-at="2024-10-20T09:32:24Z" duration-ms="170" status="PASS">
          <params>
            <param index="0">
              <value>
                <![CDATA[[C@60410cd]]>
              </value>
            </param>
            <param index="1">
              <value>
                <![CDATA[BR2z4N3Fe3/8P4zmK6juMQ==]]>
              </value>
            </param>
            <param index="2">
              <value>
                <![CDATA[10]]>
              </value>
            </param>
            <param index="3">
              <value>
                <![CDATA[[B@44d52de2]]>
              </value>
            </param>
          </params>
          <reporter-output>
          </reporter-output>
        </test-method> <!-- testGetHash -->
        <test-method signature="testGetHash([C, java.lang.String, java.lang.String, [B)[pri:0, instance:org.wso2.carbon.identity.hash.provider.bcrypt.BCRYPTHashProviderTest@6950ed69]" started-at="2024-10-20T09:32:24Z" name="testGetHash" data-provider="getHash" finished-at="2024-10-20T09:32:24Z" duration-ms="169" status="PASS">
          <params>
            <param index="0">
              <value>
                <![CDATA[[C@95e33cc]]>
              </value>
            </param>
            <param index="1">
              <value>
                <![CDATA[BR2z4N3Fe3/8P4zmK6juMQ==]]>
              </value>
            </param>
            <param index="2">
              <value>
                <![CDATA[10]]>
              </value>
            </param>
            <param index="3">
              <value>
                <![CDATA[[B@38604b81]]>
              </value>
            </param>
          </params>
          <reporter-output>
          </reporter-output>
        </test-method> <!-- testGetHash -->
        <test-method signature="testHashProviderErrorScenarios([C, java.lang.String, java.lang.String, java.lang.String)[pri:0, instance:org.wso2.carbon.identity.hash.provider.bcrypt.BCRYPTHashProviderTest@6950ed69]" started-at="2024-10-20T09:32:24Z" name="testHashProviderErrorScenarios" data-provider="hashProviderErrorScenarios" finished-at="2024-10-20T09:32:24Z" duration-ms="1" status="PASS">
          <params>
            <param index="0">
              <value>
                <![CDATA[[C@1e44b638]]>
              </value>
            </param>
            <param index="1">
              <value>
                <![CDATA[BR2z4N3Fe3/8P4zmK6juMQ==]]>
              </value>
            </param>
            <param index="2">
              <value>
                <![CDATA[10]]>
              </value>
            </param>
            <param index="3">
              <value>
                <![CDATA[60001]]>
              </value>
            </param>
          </params>
          <reporter-output>
          </reporter-output>
        </test-method> <!-- testHashProviderErrorScenarios -->
        <test-method signature="testHashProviderErrorScenarios([C, java.lang.String, java.lang.String, java.lang.String)[pri:0, instance:org.wso2.carbon.identity.hash.provider.bcrypt.BCRYPTHashProviderTest@6950ed69]" started-at="2024-10-20T09:32:24Z" name="testHashProviderErrorScenarios" data-provider="hashProviderErrorScenarios" finished-at="2024-10-20T09:32:24Z" duration-ms="1" status="PASS">
          <params>
            <param index="0">
              <value>
                <![CDATA[[C@7393222f]]>
              </value>
            </param>
            <param index="1">
              <value>
                <![CDATA[]]>
              </value>
            </param>
            <param index="2">
              <value>
                <![CDATA[10]]>
              </value>
            </param>
            <param index="3">
              <value>
                <![CDATA[65003]]>
              </value>
            </param>
          </params>
          <reporter-output>
          </reporter-output>
        </test-method> <!-- testHashProviderErrorScenarios -->
        <test-method signature="testHashProviderErrorScenarios([C, java.lang.String, java.lang.String, java.lang.String)[pri:0, instance:org.wso2.carbon.identity.hash.provider.bcrypt.BCRYPTHashProviderTest@6950ed69]" started-at="2024-10-20T09:32:24Z" name="testHashProviderErrorScenarios" data-provider="hashProviderErrorScenarios" finished-at="2024-10-20T09:32:24Z" duration-ms="58" status="PASS">
          <params>
            <param index="0">
              <value>
                <![CDATA[[C@babafc2]]>
              </value>
            </param>
            <param index="1">
              <value>
                <![CDATA[BR2z4N3Fe3/8P4zmK6juMQ==]]>
              </value>
            </param>
            <param index="2">
              <value>
                <![CDATA[10]]>
              </value>
            </param>
            <param index="3">
              <value>
                <![CDATA[60001]]>
              </value>
            </param>
          </params>
          <reporter-output>
          </reporter-output>
        </test-method> <!-- testHashProviderErrorScenarios -->
        <test-method signature="testHashProviderErrorScenarios([C, java.lang.String, java.lang.String, java.lang.String)[pri:0, instance:org.wso2.carbon.identity.hash.provider.bcrypt.BCRYPTHashProviderTest@6950ed69]" started-at="2024-10-20T09:32:24Z" name="testHashProviderErrorScenarios" data-provider="hashProviderErrorScenarios" finished-at="2024-10-20T09:32:24Z" duration-ms="0" status="PASS">
          <params>
            <param index="0">
              <value>
                <![CDATA[[C@31add175]]>
              </value>
            </param>
            <param index="1">
              <value>
                <![CDATA[    ]]>
              </value>
            </param>
            <param index="2">
              <value>
                <![CDATA[10]]>
              </value>
            </param>
            <param index="3">
              <value>
                <![CDATA[65003]]>
              </value>
            </param>
          </params>
          <reporter-output>
          </reporter-output>
        </test-method> <!-- testHashProviderErrorScenarios -->
        <test-method signature="testInitConfig(java.lang.Object, java.lang.Object)[pri:0, instance:org.wso2.carbon.identity.hash.provider.bcrypt.BCRYPTHashProviderTest@6950ed69]" started-at="2024-10-20T09:32:24Z" name="testInitConfig" data-provider="initConfig" finished-at="2024-10-20T09:32:24Z" duration-ms="1" status="PASS">
          <params>
            <param index="0">
              <value>
                <![CDATA[10]]>
              </value>
            </param>
            <param index="1">
              <value>
                <![CDATA[10]]>
              </value>
            </param>
          </params>
          <reporter-output>
          </reporter-output>
        </test-method> <!-- testInitConfig -->
        <test-method signature="testInitConfigParams(java.lang.String)[pri:0, instance:org.wso2.carbon.identity.hash.provider.bcrypt.BCRYPTHashProviderTest@6950ed69]" started-at="2024-10-20T09:32:24Z" name="testInitConfigParams" data-provider="initConfigParams" finished-at="2024-10-20T09:32:24Z" duration-ms="1" status="PASS">
          <params>
            <param index="0">
              <value>
                <![CDATA[10]]>
              </value>
            </param>
          </params>
          <reporter-output>
          </reporter-output>
        </test-method> <!-- testInitConfigParams -->
        <test-method signature="testInitConfigParams(java.lang.String)[pri:0, instance:org.wso2.carbon.identity.hash.provider.bcrypt.BCRYPTHashProviderTest@6950ed69]" started-at="2024-10-20T09:32:24Z" name="testInitConfigParams" data-provider="initConfigParams" finished-at="2024-10-20T09:32:24Z" duration-ms="0" status="PASS">
          <params>
            <param index="0">
              <value>
                <![CDATA[20]]>
              </value>
            </param>
          </params>
          <reporter-output>
          </reporter-output>
        </test-method> <!-- testInitConfigParams -->
        <test-method signature="testInitConfigParams(java.lang.String)[pri:0, instance:org.wso2.carbon.identity.hash.provider.bcrypt.BCRYPTHashProviderTest@6950ed69]" started-at="2024-10-20T09:32:24Z" name="testInitConfigParams" data-provider="initConfigParams" finished-at="2024-10-20T09:32:24Z" duration-ms="0" status="PASS">
          <params>
            <param index="0">
              <value is-null="true"/>
            </param>
          </params>
          <reporter-output>
          </reporter-output>
        </test-method> <!-- testInitConfigParams -->
        <test-method signature="testInitConfigParams(java.lang.String)[pri:0, instance:org.wso2.carbon.identity.hash.provider.bcrypt.BCRYPTHashProviderTest@6950ed69]" started-at="2024-10-20T09:32:24Z" name="testInitConfigParams" data-provider="initConfigParams" finished-at="2024-10-20T09:32:24Z" duration-ms="1" status="PASS">
          <params>
            <param index="0">
              <value>
                <![CDATA[4]]>
              </value>
            </param>
          </params>
          <reporter-output>
          </reporter-output>
        </test-method> <!-- testInitConfigParams -->
        <test-method signature="testInitConfigParams(java.lang.String)[pri:0, instance:org.wso2.carbon.identity.hash.provider.bcrypt.BCRYPTHashProviderTest@6950ed69]" started-at="2024-10-20T09:32:24Z" name="testInitConfigParams" data-provider="initConfigParams" finished-at="2024-10-20T09:32:24Z" duration-ms="0" status="PASS">
          <params>
            <param index="0">
              <value>
                <![CDATA[31]]>
              </value>
            </param>
          </params>
          <reporter-output>
          </reporter-output>
        </test-method> <!-- testInitConfigParams -->
      </class> <!-- org.wso2.carbon.identity.hash.provider.bcrypt.BCRYPTHashProviderTest -->
    </test> <!-- Default test -->
  </suite> <!-- Default suite -->
</testng-results>
